2025-04-01 04:43:44 - INFO - 쫚
2025-04-01 04:43:45 - INFO - 쫚
2025-04-01 04:46:32 - INFO - fucking
2025-04-01 04:47:20 - INFO - fucking
2025-04-01 04:48:25 - INFO - fucking
2025-04-01 04:51:46 - INFO - fucking
2025-04-01 05:22:59 - INFO - \u2705 WebSocket 찗써왉!
2025-04-01 05:24:24 - INFO - \u2705 WebSocket 찗써왉!
2025-04-01 05:25:27 - INFO - \u2705 WebSocket 찗써왉!
2025-04-01 05:26:51 - INFO - \u2705 WebSocket 찗써왉!
2025-04-01 05:29:08 - INFO - \u2705 WebSocket 찗써왉!
2025-04-01 05:30:40 - INFO - \u2705 WebSocket 찗써왉!
2025-04-01 05:31:53 - INFO - \u2705 WebSocket 찗써왉!
2025-04-01 05:33:41 - INFO - \u2705 WebSocket 찗써왉!
2025-04-01 05:33:52 - INFO - helloworld: S
2025-04-01 05:35:28 - INFO - \u2705 WebSocket 찗써왉!
2025-04-01 05:35:34 - INFO - hello world: 
2025-04-01 05:35:37 - INFO - hello world: I
2025-04-01 05:37:55 - INFO - \u2705 WebSocket 찗써왉!
2025-04-01 05:38:01 - INFO - helloworld: S
2025-04-01 05:38:08 - INFO - helloworld: HI
2025-04-01 05:40:20 - INFO - \u2705 WebSocket 찗써왉!
2025-04-01 05:40:33 - INFO - dwq: 
2025-04-01 05:42:10 - INFO - \u2705 WebSocket 찗써왉!
2025-04-01 05:42:14 - INFO - dwqdwq: 
2025-04-01 05:42:17 - INFO - dwqdwq: 
2025-04-01 05:42:18 - INFO - dwqdwq: I
2025-04-01 05:43:47 - INFO - \u2705 WebSocket 찗써왉!
2025-04-01 05:43:56 - INFO - qdwqdwq: S
2025-04-01 05:45:35 - INFO - \u2705 WebSocket 찗써왉!
2025-04-01 05:45:38 - INFO - ddwqdwq: S
2025-04-01 05:45:44 - INFO - ddwqdwq: 
2025-04-01 05:45:48 - INFO - ddwqdwq: E
2025-04-01 05:46:26 - INFO - \u2705 WebSocket 찗써왉!
2025-04-01 05:46:34 - INFO - tlqkf: SW E
2025-04-01 05:47:12 - INFO - \u2705 WebSocket 찗써왉!
2025-04-01 05:47:15 - INFO - wdqdwq: I
2025-04-01 05:47:25 - INFO - wdqdwq: 
2025-04-01 05:47:49 - INFO - wdqdwq: 
2025-04-01 05:48:44 - INFO - \u2705 WebSocket 찗써왉!
2025-04-01 05:48:46 - INFO - dwqdwqdwqdwqdwqd: I
2025-04-01 05:49:57 - INFO - \u2705 WebSocket 찗써왉!
2025-04-01 05:50:39 - INFO - \u2705 WebSocket 찗써왉!
2025-04-01 05:50:44 - INFO - dwqdwqdq: I
2025-04-01 05:54:06 - INFO - \u2705 WebSocket 찗써왉!
2025-04-01 05:54:10 - INFO - dwq: S
2025-04-01 05:54:23 - INFO - dwq: 
2025-04-01 05:54:39 - INFO - \u2705 WebSocket 찗써왉!
2025-04-01 05:54:42 - INFO - qdqdwq: I
2025-04-01 05:55:45 - INFO - \u2705 WebSocket 찗써왉!
2025-04-01 05:55:47 - INFO - dwq: I
2025-04-01 05:56:17 - INFO - \u2705 WebSocket 찗써왉!
2025-04-01 05:56:49 - INFO - helloworld: HI
2025-04-01 05:56:56 - INFO - helloworld: HELLO
